15.12.08 13:43:52.703	inzqrf2re0e0csfpfuty2p2n	================================================================================
15.12.08 13:43:52.687	inzqrf2re0e0csfpfuty2p2n	================================================================================
15.12.08 13:43:53.390	inzqrf2re0e0csfpfuty2p2n	System Environment
	OS Version: Microsoft Windows NT 5.1.2600 Service Pack 3
	.Net Framework Versions: v1.1.4322, v2.0.50727

	CLR Version: 2.0.50727.3053
	eXpressApp Version: 8.3.2.5087
Application config
	FullNameFormat=LastName FirstName MiddleName
	Modules=
	ErrorReportEmail=
	ErrorReportEmailServer=
	SimpleErrorReportPage=
	RichErrorReportPage=Error.aspx
	EnableDiagnosticActions=False
15.12.08 13:43:53.375	inzqrf2re0e0csfpfuty2p2n	Trace Log for d66b88ba-2-128737934196406250 is started
15.12.08 13:43:53.390	inzqrf2re0e0csfpfuty2p2n	================================================================================
15.12.08 13:43:53.390	inzqrf2re0e0csfpfuty2p2n	System Environment
	OS Version: Microsoft Windows NT 5.1.2600 Service Pack 3
	.Net Framework Versions: v1.1.4322, v2.0.50727

	CLR Version: 2.0.50727.3053
	eXpressApp Version: 8.3.2.5087
Application config
	FullNameFormat=LastName FirstName MiddleName
	Modules=
	ErrorReportEmail=
	ErrorReportEmailServer=
	SimpleErrorReportPage=
	RichErrorReportPage=Error.aspx
	EnableDiagnosticActions=False
15.12.08 13:43:53.390	inzqrf2re0e0csfpfuty2p2n		session.Timeout: 20
15.12.08 13:43:53.390	inzqrf2re0e0csfpfuty2p2n	Application is disposed
15.12.08 13:43:53.390	inzqrf2re0e0csfpfuty2p2n		SessionID: inzqrf2re0e0csfpfuty2p2n
15.12.08 13:43:53.390	inzqrf2re0e0csfpfuty2p2n	--------------------------------------------------------------------------------
15.12.08 13:43:53.406	inzqrf2re0e0csfpfuty2p2n	========================
15.12.08 13:43:53.406	inzqrf2re0e0csfpfuty2p2n	Initialize Modules Manager
15.12.08 13:43:53.406	inzqrf2re0e0csfpfuty2p2n	--------------------------------------------------------------------------------
15.12.08 13:43:53.406	inzqrf2re0e0csfpfuty2p2n	
15.12.08 13:43:53.406	inzqrf2re0e0csfpfuty2p2n	--------------------------------------------------------------------------------
Loaded assemblies
	A_01b6c940_7310_4f77_ae60_ff0261ea916a, Version=0.0.0.0, Culture=neutral, PublicKeyToken=null, Location=InMemory Module
	AIR-ERP.Module, Version=1.0.3271.23572, Culture=neutral, PublicKeyToken=null, Location=
	AIR-ERP.Module.Web, Version=1.0.3271.24343, Culture=neutral, PublicKeyToken=null, Location=
	AIR-ERP.Web, Version=1.0.0.0, Culture=neutral, PublicKeyToken=null, Location=
	App_global.asax.kow4xooe, Version=0.0.0.0, Culture=neutral, PublicKeyToken=null, Location=
	App_Web_rayvo43y, Version=0.0.0.0, Culture=neutral, PublicKeyToken=null, Location=
	CppCodeProvider, Version=8.0.0.0, Culture=neutral, PublicKeyToken=b03f5f7f11d50a3a, Location=
	DevExpress.Data.v8.3, Version=8.3.2.0, Culture=neutral, PublicKeyToken=b88d1754d700e49a, Location=
	DevExpress.ExpressApp.Images.v8.3, Version=8.3.2.5087, Culture=neutral, PublicKeyToken=b88d1754d700e49a, Location=
	DevExpress.ExpressApp.Objects.v8.3, Version=8.3.2.5087, Culture=neutral, PublicKeyToken=b88d1754d700e49a, Location=
	DevExpress.ExpressApp.Scheduler.v8.3, Version=8.3.2.5087, Culture=neutral, PublicKeyToken=b88d1754d700e49a, Location=
	DevExpress.ExpressApp.Scheduler.Web.v8.3, Version=8.3.2.5087, Culture=neutral, PublicKeyToken=b88d1754d700e49a, Location=
	DevExpress.ExpressApp.Security.v8.3, Version=8.3.2.5087, Culture=neutral, PublicKeyToken=b88d1754d700e49a, Location=
	DevExpress.ExpressApp.v8.3, Version=8.3.2.5087, Culture=neutral, PublicKeyToken=b88d1754d700e49a, Location=
	DevExpress.ExpressApp.Validation.v8.3, Version=8.3.2.5087, Culture=neutral, PublicKeyToken=b88d1754d700e49a, Location=
	DevExpress.ExpressApp.Web.v8.3, Version=8.3.2.5087, Culture=neutral, PublicKeyToken=b88d1754d700e49a, Location=
	DevExpress.Persistent.Base.v8.3, Version=8.3.2.5087, Culture=neutral, PublicKeyToken=b88d1754d700e49a, Location=
	DevExpress.Persistent.BaseImpl.v8.3, Version=8.3.2.5087, Culture=neutral, PublicKeyToken=b88d1754d700e49a, Location=
	DevExpress.Web.ASPxEditors.v8.3, Version=8.3.2.0, Culture=neutral, PublicKeyToken=b88d1754d700e49a, Location=
	DevExpress.Web.ASPxGridView.v8.3, Version=8.3.2.0, Culture=neutral, PublicKeyToken=b88d1754d700e49a, Location=
	DevExpress.Web.ASPxHtmlEditor.v8.3, Version=8.3.2.0, Culture=neutral, PublicKeyToken=b88d1754d700e49a, Location=
	DevExpress.Web.ASPxPivotGrid.v8.3, Version=8.3.2.0, Culture=neutral, PublicKeyToken=b88d1754d700e49a, Location=
	DevExpress.Web.ASPxScheduler.v8.3, Version=8.3.2.0, Culture=neutral, PublicKeyToken=b88d1754d700e49a, Location=
	DevExpress.Web.ASPxSpellChecker.v8.3, Version=8.3.2.0, Culture=neutral, PublicKeyToken=b88d1754d700e49a, Location=
	DevExpress.Web.ASPxTreeList.v8.3, Version=8.3.2.0, Culture=neutral, PublicKeyToken=b88d1754d700e49a, Location=
	DevExpress.Web.v8.3, Version=8.3.2.0, Culture=neutral, PublicKeyToken=b88d1754d700e49a, Location=
	DevExpress.Xpo.v8.3, Version=8.3.2.0, Culture=neutral, PublicKeyToken=b88d1754d700e49a, Location=
	DevExpress.XtraPivotGrid.v8.3.Core, Version=8.3.2.0, Culture=neutral, PublicKeyToken=b88d1754d700e49a, Location=
	DevExpress.XtraReports.v8.3, Version=8.3.2.0, Culture=neutral, PublicKeyToken=b88d1754d700e49a, Location=
	DevExpress.XtraReports.v8.3.Web, Version=8.3.2.0, Culture=neutral, PublicKeyToken=b88d1754d700e49a, Location=
	DevExpress.XtraScheduler.v8.3.Core, Version=8.3.2.0, Culture=neutral, PublicKeyToken=b88d1754d700e49a, Location=
	Microsoft.JScript, Version=8.0.0.0, Culture=neutral, PublicKeyToken=b03f5f7f11d50a3a, Location=
	Microsoft.Vsa, Version=8.0.0.0, Culture=neutral, PublicKeyToken=b03f5f7f11d50a3a, Location=
	mscorlib, Version=2.0.0.0, Culture=neutral, PublicKeyToken=b77a5c561934e089, Location=
	SMDiagnostics, Version=3.0.0.0, Culture=neutral, PublicKeyToken=b77a5c561934e089, Location=
	System, Version=2.0.0.0, Culture=neutral, PublicKeyToken=b77a5c561934e089, Location=
	System.Configuration, Version=2.0.0.0, Culture=neutral, PublicKeyToken=b03f5f7f11d50a3a, Location=
	System.Data, Version=2.0.0.0, Culture=neutral, PublicKeyToken=b77a5c561934e089, Location=
	System.Design, Version=2.0.0.0, Culture=neutral, PublicKeyToken=b03f5f7f11d50a3a, Location=
	System.Drawing, Version=2.0.0.0, Culture=neutral, PublicKeyToken=b03f5f7f11d50a3a, Location=
	System.Drawing.Design, Version=2.0.0.0, Culture=neutral, PublicKeyToken=b03f5f7f11d50a3a, Location=
	System.EnterpriseServices, Version=2.0.0.0, Culture=neutral, PublicKeyToken=b03f5f7f11d50a3a, Location=
	System.IdentityModel, Version=3.0.0.0, Culture=neutral, PublicKeyToken=b77a5c561934e089, Location=
	System.Runtime.Remoting, Version=2.0.0.0, Culture=neutral, PublicKeyToken=b77a5c561934e089, Location=
	System.Runtime.Serialization, Version=3.0.0.0, Culture=neutral, PublicKeyToken=b77a5c561934e089, Location=
	System.Runtime.Serialization.Formatters.Soap, Version=2.0.0.0, Culture=neutral, PublicKeyToken=b03f5f7f11d50a3a, Location=
	System.ServiceModel, Version=3.0.0.0, Culture=neutral, PublicKeyToken=b77a5c561934e089, Location=
	System.ServiceModel.Web, Version=3.5.0.0, Culture=neutral, PublicKeyToken=31bf3856ad364e35, Location=
	System.ServiceProcess, Version=2.0.0.0, Culture=neutral, PublicKeyToken=b03f5f7f11d50a3a, Location=
	System.Transactions, Version=2.0.0.0, Culture=neutral, PublicKeyToken=b77a5c561934e089, Location=
	System.Web, Version=2.0.0.0, Culture=neutral, PublicKeyToken=b03f5f7f11d50a3a, Location=
	System.Web.Mobile, Version=2.0.0.0, Culture=neutral, PublicKeyToken=b03f5f7f11d50a3a, Location=
	System.Web.RegularExpressions, Version=2.0.0.0, Culture=neutral, PublicKeyToken=b03f5f7f11d50a3a, Location=
	System.Web.Services, Version=2.0.0.0, Culture=neutral, PublicKeyToken=b03f5f7f11d50a3a, Location=
	System.Windows.Forms, Version=2.0.0.0, Culture=neutral, PublicKeyToken=b77a5c561934e089, Location=
	System.WorkflowServices, Version=3.5.0.0, Culture=neutral, PublicKeyToken=31bf3856ad364e35, Location=
	System.Xml, Version=2.0.0.0, Culture=neutral, PublicKeyToken=b77a5c561934e089, Location=
	VJSharpCodeProvider, Version=2.0.0.0, Culture=neutral, PublicKeyToken=b03f5f7f11d50a3a, Location=
	WebDev.WebHost, Version=9.0.0.0, Culture=neutral, PublicKeyToken=b03f5f7f11d50a3a, Location=
	XafDomain, Version=0.0.0.0, Culture=neutral, PublicKeyToken=null, Location=InMemory Module
	XafDomain, Version=0.0.0.0, Culture=neutral, PublicKeyToken=null, Location=InMemory Module
15.12.08 13:43:53.421	inzqrf2re0e0csfpfuty2p2n	--------------------------------------------------------------------------------
15.12.08 13:43:53.421	inzqrf2re0e0csfpfuty2p2n	Load Model
15.12.08 13:43:53.421	inzqrf2re0e0csfpfuty2p2n	Load Schema
15.12.08 13:43:53.421	inzqrf2re0e0csfpfuty2p2n	SetupModules
15.12.08 13:43:53.796	inzqrf2re0e0csfpfuty2p2n	Customize XPDictionary
15.12.08 13:43:53.796	inzqrf2re0e0csfpfuty2p2n	Load object model
15.12.08 13:43:54.234	inzqrf2re0e0csfpfuty2p2n	Generate default Model for Actions
15.12.08 13:43:54.250	inzqrf2re0e0csfpfuty2p2n	Generate default image sources
15.12.08 13:43:54.250	inzqrf2re0e0csfpfuty2p2n	Generate default Model for Property editors
15.12.08 13:43:54.250	inzqrf2re0e0csfpfuty2p2n	Generate default Model for Views
15.12.08 13:43:55.312	inzqrf2re0e0csfpfuty2p2n	Load DictionaryDifferenceStores' dictionaries
15.12.08 13:43:55.312	inzqrf2re0e0csfpfuty2p2n	Collect aspects
15.12.08 13:43:55.312	inzqrf2re0e0csfpfuty2p2n	Update model
15.12.08 13:43:55.718	inzqrf2re0e0csfpfuty2p2n	Generate default Model for Action containers
15.12.08 13:43:55.734	inzqrf2re0e0csfpfuty2p2n	Process localized attribute values
15.12.08 13:43:55.828	inzqrf2re0e0csfpfuty2p2n	Load Model Diffs
15.12.08 13:43:56.000	inzqrf2re0e0csfpfuty2p2n	Validate Model
15.12.08 13:43:56.718	inzqrf2re0e0csfpfuty2p2n	--------------------------------------------------------------------------------
15.12.08 13:43:56.718	inzqrf2re0e0csfpfuty2p2n	->GetPopupWindowParams
15.12.08 13:43:56.718	inzqrf2re0e0csfpfuty2p2n		Type: DevExpress.ExpressApp.Actions.PopupWindowShowAction
15.12.08 13:43:56.718	inzqrf2re0e0csfpfuty2p2n		ID: e28a7869-e438-4021-8ef1-7aefb98bb49f
15.12.08 13:43:56.718	inzqrf2re0e0csfpfuty2p2n		Category: Unspecified
15.12.08 13:43:56.718	inzqrf2re0e0csfpfuty2p2n	--------------------------------------------------------------------------------
15.12.08 13:43:56.718	inzqrf2re0e0csfpfuty2p2n	Checking Compatibility
15.12.08 13:43:56.734	inzqrf2re0e0csfpfuty2p2n		ConnectionString: Provider=Microsoft.Jet.OLEDB.4.0;User ID=Admin;Data Source=|DataDirectory|\AIR_ERP.mdb;Mode=Share Deny None;
15.12.08 13:43:56.750	inzqrf2re0e0csfpfuty2p2n	Check App Name Compatibility
15.12.08 13:43:56.765	inzqrf2re0e0csfpfuty2p2n	Check stored module versions against the versions of the loaded modules
15.12.08 13:43:56.765	inzqrf2re0e0csfpfuty2p2n	module 'SystemModule' (DevExpress.ExpressApp.v8.3). Local version: 8.3.2.5087, Version on DB: 8.3.2.5087
15.12.08 13:43:56.765	inzqrf2re0e0csfpfuty2p2n	module 'SystemAspNetModule' (DevExpress.ExpressApp.Web.v8.3). Local version: 8.3.2.5087, Version on DB: 8.3.2.5087
15.12.08 13:43:56.765	inzqrf2re0e0csfpfuty2p2n	module 'BusinessClassLibraryCustomizationModule' (DevExpress.ExpressApp.Objects.v8.3). Local version: 8.3.2.5087, Version on DB: 8.3.2.5087
15.12.08 13:43:56.765	inzqrf2re0e0csfpfuty2p2n	module 'SecurityModule' (DevExpress.ExpressApp.Security.v8.3). Local version: 8.3.2.5087, Version on DB: 8.3.2.5087
15.12.08 13:43:56.765	inzqrf2re0e0csfpfuty2p2n	module 'AIR_ERPModule' (AIR-ERP.Module). Local version: 1.0.3271.23572, Version on DB: 1.0.3271.23572
15.12.08 13:43:56.765	inzqrf2re0e0csfpfuty2p2n	module 'AIR_ERPAspNetModule' (AIR-ERP.Module.Web). Local version: 1.0.3271.24343, Version on DB: 1.0.3271.24343
15.12.08 13:43:56.765	inzqrf2re0e0csfpfuty2p2n	module 'ValidationModule' (DevExpress.ExpressApp.Validation.v8.3). Local version: 8.3.2.5087, Version on DB: 8.3.2.5087
15.12.08 13:43:56.859	inzqrf2re0e0csfpfuty2p2n	--------------------------------------------------------------------------------
15.12.08 13:43:56.859	inzqrf2re0e0csfpfuty2p2n	<- GetPopupWindowParams
15.12.08 13:43:59.656	inzqrf2re0e0csfpfuty2p2n		GC.GetTotalMemory(false) (Mb): 22
15.12.08 13:43:59.656	inzqrf2re0e0csfpfuty2p2n		TotalApplications: 2
15.12.08 13:43:59.656	inzqrf2re0e0csfpfuty2p2n		DisposedApplications: 1
15.12.08 13:43:59.656	inzqrf2re0e0csfpfuty2p2n		FinalizedApplications: 0
15.12.08 13:43:59.656	inzqrf2re0e0csfpfuty2p2n		Details: 
SessionID	CreatedOn	LastAccessOn	DisposedOn	FinalizedOn
UserName	inzqrf2re0e0csfpfuty2p2n	12/15/2008 1:43:45 PM	1/1/0001 12:00:00 AM	12/15/2008 1:43:52 PM	1/1/0001 12:00:00 AM
N/A
inzqrf2re0e0csfpfuty2p2n	12/15/2008 1:43:52 PM	12/15/2008 1:43:59 PM	1/1/0001 12:00:00 AM	1/1/0001 12:00:00 AM
N/A

15.12.08 13:43:59.671	inzqrf2re0e0csfpfuty2p2n	--------------------------------------------------------------------------------
15.12.08 13:43:59.671	inzqrf2re0e0csfpfuty2p2n	ImageLoader: Image not found by name in the following sources:
15.12.08 13:43:59.671	inzqrf2re0e0csfpfuty2p2n		ImageName: _Large
15.12.08 13:43:59.671	inzqrf2re0e0csfpfuty2p2n		Sources: FileImageSource, Images
AssemblyResourceImageSource, DevExpress.ExpressApp.v8.3, Images
AssemblyResourceImageSource, DevExpress.ExpressApp.Web.v8.3, Images
AssemblyResourceImageSource, DevExpress.ExpressApp.Objects.v8.3, Images
AssemblyResourceImageSource, DevExpress.ExpressApp.Security.v8.3, Images
AssemblyResourceImageSource, AIR-ERP.Module, Images
AssemblyResourceImageSource, AIR-ERP.Module.Web, Images
AssemblyResourceImageSource, DevExpress.ExpressApp.Validation.v8.3, Images
AssemblyResourceImageSource, DevExpress.ExpressApp.Images.v8.3, Images

15.12.08 13:44:06.187	inzqrf2re0e0csfpfuty2p2n	'Company' property editor: new value is 'Roadmax Marketing Inc.'
15.12.08 13:44:08.421	inzqrf2re0e0csfpfuty2p2n	'Employee' property editor: new value is 'Admin'
15.12.08 13:44:10.000	inzqrf2re0e0csfpfuty2p2n	--------------------------------------------------------------------------------
15.12.08 13:44:10.000	inzqrf2re0e0csfpfuty2p2n	Execute action
15.12.08 13:44:10.000	inzqrf2re0e0csfpfuty2p2n		Type: DevExpress.ExpressApp.Actions.SimpleAction
15.12.08 13:44:10.000	inzqrf2re0e0csfpfuty2p2n		ID: Logon
15.12.08 13:44:10.000	inzqrf2re0e0csfpfuty2p2n		Category: PopupActions
15.12.08 13:44:10.000	inzqrf2re0e0csfpfuty2p2n		ContextName: Please Login
15.12.08 13:44:10.000	inzqrf2re0e0csfpfuty2p2n		IsRoot: True
15.12.08 13:44:10.000	inzqrf2re0e0csfpfuty2p2n		Selection.Count: 1
15.12.08 13:44:10.000	inzqrf2re0e0csfpfuty2p2n		CurrentObject: AIR_ERP.Module.MyLogonParameters
15.12.08 13:44:10.015	inzqrf2re0e0csfpfuty2p2n	--------------------------------------------------------------------------------
15.12.08 13:44:10.015	inzqrf2re0e0csfpfuty2p2n	Execute action
15.12.08 13:44:10.015	inzqrf2re0e0csfpfuty2p2n		Type: DevExpress.ExpressApp.Actions.PopupWindowShowAction
15.12.08 13:44:10.015	inzqrf2re0e0csfpfuty2p2n		ID: e28a7869-e438-4021-8ef1-7aefb98bb49f
15.12.08 13:44:10.031	inzqrf2re0e0csfpfuty2p2n		Category: Unspecified
15.12.08 13:44:10.031	inzqrf2re0e0csfpfuty2p2n	--------------------------------------------------------------------------------
15.12.08 13:44:10.031	inzqrf2re0e0csfpfuty2p2n	Start logon process
15.12.08 13:44:10.046	inzqrf2re0e0csfpfuty2p2n	--------------------------------------------------------------------------------
15.12.08 13:44:10.046	inzqrf2re0e0csfpfuty2p2n	Logon successful
15.12.08 13:44:10.062	inzqrf2re0e0csfpfuty2p2n	The FormsAuthentication timeout is less than the ASP.NET Session timeout: '0' and '20'. The the ASP.NET Session timeout is used for FormsAuthentication.
15.12.08 13:44:10.062	inzqrf2re0e0csfpfuty2p2n		CurrentUserName: Admin
15.12.08 13:44:10.062	inzqrf2re0e0csfpfuty2p2n	--------------------------------------------------------------------------------
15.12.08 13:44:10.062	inzqrf2re0e0csfpfuty2p2n	Logon completed
15.12.08 13:44:10.062	inzqrf2re0e0csfpfuty2p2n	Action 'e28a7869-e438-4021-8ef1-7aefb98bb49f' done
15.12.08 13:44:10.062	inzqrf2re0e0csfpfuty2p2n	Action 'Logon' done
15.12.08 13:44:10.296	inzqrf2re0e0csfpfuty2p2n	--------------------------------------------------------------------------------
15.12.08 13:44:10.296	inzqrf2re0e0csfpfuty2p2n	Initialize 'ShowNavigationItem' action items
15.12.08 13:44:10.343	inzqrf2re0e0csfpfuty2p2n	--------------------------------------------------------------------------------
15.12.08 13:44:10.343	inzqrf2re0e0csfpfuty2p2n	Execute action
15.12.08 13:44:10.343	inzqrf2re0e0csfpfuty2p2n		Type: DevExpress.ExpressApp.Actions.SingleChoiceAction
15.12.08 13:44:10.343	inzqrf2re0e0csfpfuty2p2n		ID: ShowNavigationItem
15.12.08 13:44:10.343	inzqrf2re0e0csfpfuty2p2n		Category: ViewsNavigation
15.12.08 13:44:10.343	inzqrf2re0e0csfpfuty2p2n		SelectedItem: Sales Order
15.12.08 13:44:10.390	inzqrf2re0e0csfpfuty2p2n	Action 'ShowNavigationItem' done
15.12.08 13:44:10.546	inzqrf2re0e0csfpfuty2p2n	--------------------------------------------------------------------------------
15.12.08 13:44:10.546	inzqrf2re0e0csfpfuty2p2n	Execute action
15.12.08 13:44:10.546	inzqrf2re0e0csfpfuty2p2n		Type: DevExpress.ExpressApp.Actions.SingleChoiceAction
15.12.08 13:44:10.546	inzqrf2re0e0csfpfuty2p2n		ID: ShowNavigationItem
15.12.08 13:44:10.546	inzqrf2re0e0csfpfuty2p2n		Category: ViewsNavigation
15.12.08 13:44:10.546	inzqrf2re0e0csfpfuty2p2n		ContextName: Sales Order
15.12.08 13:44:10.546	inzqrf2re0e0csfpfuty2p2n		IsRoot: True
15.12.08 13:44:10.546	inzqrf2re0e0csfpfuty2p2n		Selection.Count: 0
15.12.08 13:44:10.546	inzqrf2re0e0csfpfuty2p2n		CurrentObject: <not specified>
15.12.08 13:44:10.546	inzqrf2re0e0csfpfuty2p2n		SelectedItem: Sales Order
15.12.08 13:44:10.593	inzqrf2re0e0csfpfuty2p2n	Action 'ShowNavigationItem' done
15.12.08 13:44:10.828	inzqrf2re0e0csfpfuty2p2n	--------------------------------------------------------------------------------
15.12.08 13:44:10.828	inzqrf2re0e0csfpfuty2p2n	ImageLoader: Image not found by name in the following sources:
15.12.08 13:44:10.828	inzqrf2re0e0csfpfuty2p2n		ImageName: MenuBar_Unlink_Large
15.12.08 13:44:10.828	inzqrf2re0e0csfpfuty2p2n		Sources: FileImageSource, Images
AssemblyResourceImageSource, DevExpress.ExpressApp.v8.3, Images
AssemblyResourceImageSource, DevExpress.ExpressApp.Web.v8.3, Images
AssemblyResourceImageSource, DevExpress.ExpressApp.Objects.v8.3, Images
AssemblyResourceImageSource, DevExpress.ExpressApp.Security.v8.3, Images
AssemblyResourceImageSource, AIR-ERP.Module, Images
AssemblyResourceImageSource, AIR-ERP.Module.Web, Images
AssemblyResourceImageSource, DevExpress.ExpressApp.Validation.v8.3, Images
AssemblyResourceImageSource, DevExpress.ExpressApp.Images.v8.3, Images

15.12.08 13:44:10.875	inzqrf2re0e0csfpfuty2p2n	--------------------------------------------------------------------------------
15.12.08 13:44:10.875	inzqrf2re0e0csfpfuty2p2n	ImageLoader: Image not found by name in the following sources:
15.12.08 13:44:10.875	inzqrf2re0e0csfpfuty2p2n		ImageName: Logoff_Large
15.12.08 13:44:10.875	inzqrf2re0e0csfpfuty2p2n		Sources: FileImageSource, Images
AssemblyResourceImageSource, DevExpress.ExpressApp.v8.3, Images
AssemblyResourceImageSource, DevExpress.ExpressApp.Web.v8.3, Images
AssemblyResourceImageSource, DevExpress.ExpressApp.Objects.v8.3, Images
AssemblyResourceImageSource, DevExpress.ExpressApp.Security.v8.3, Images
AssemblyResourceImageSource, AIR-ERP.Module, Images
AssemblyResourceImageSource, AIR-ERP.Module.Web, Images
AssemblyResourceImageSource, DevExpress.ExpressApp.Validation.v8.3, Images
AssemblyResourceImageSource, DevExpress.ExpressApp.Images.v8.3, Images

15.12.08 13:44:23.078	inzqrf2re0e0csfpfuty2p2n	--------------------------------------------------------------------------------
15.12.08 13:44:23.078	inzqrf2re0e0csfpfuty2p2n	Execute action
15.12.08 13:44:23.078	inzqrf2re0e0csfpfuty2p2n		Type: DevExpress.ExpressApp.Actions.SingleChoiceAction
15.12.08 13:44:23.093	inzqrf2re0e0csfpfuty2p2n		ID: ChooseTemplateAction
15.12.08 13:44:23.093	inzqrf2re0e0csfpfuty2p2n		Category: RootObjectsCreation
15.12.08 13:44:23.093	inzqrf2re0e0csfpfuty2p2n		ContextName: Sales Order
15.12.08 13:44:23.093	inzqrf2re0e0csfpfuty2p2n		IsRoot: True
15.12.08 13:44:23.093	inzqrf2re0e0csfpfuty2p2n		Selection.Count: 0
15.12.08 13:44:23.093	inzqrf2re0e0csfpfuty2p2n		CurrentObject: <not specified>
15.12.08 13:44:23.093	inzqrf2re0e0csfpfuty2p2n		SelectedItem: Vertical navigation
15.12.08 13:44:23.093	inzqrf2re0e0csfpfuty2p2n	Action 'ChooseTemplateAction' done
15.12.08 13:44:27.718	inzqrf2re0e0csfpfuty2p2n	--------------------------------------------------------------------------------
15.12.08 13:44:27.718	inzqrf2re0e0csfpfuty2p2n	Execute action
15.12.08 13:44:27.718	inzqrf2re0e0csfpfuty2p2n		Type: DevExpress.ExpressApp.Actions.SingleChoiceAction
15.12.08 13:44:27.718	inzqrf2re0e0csfpfuty2p2n		ID: ChooseTemplateAction
15.12.08 13:44:27.734	inzqrf2re0e0csfpfuty2p2n		Category: RootObjectsCreation
15.12.08 13:44:27.734	inzqrf2re0e0csfpfuty2p2n		ContextName: Sales Order
15.12.08 13:44:27.734	inzqrf2re0e0csfpfuty2p2n		IsRoot: True
15.12.08 13:44:27.734	inzqrf2re0e0csfpfuty2p2n		Selection.Count: 0
15.12.08 13:44:27.734	inzqrf2re0e0csfpfuty2p2n		CurrentObject: <not specified>
15.12.08 13:44:27.734	inzqrf2re0e0csfpfuty2p2n		SelectedItem: Horizontal navigation
15.12.08 13:44:27.734	inzqrf2re0e0csfpfuty2p2n	Action 'ChooseTemplateAction' done
15.12.08 14:11:30.609	inzqrf2re0e0csfpfuty2p2n	Dispose application
15.12.08 14:11:30.609	inzqrf2re0e0csfpfuty2p2n	====================
15.12.08 14:11:30.625	inzqrf2re0e0csfpfuty2p2n	Application is disposed
15.12.08 14:11:30.671	inzqrf2re0e0csfpfuty2p2n	========================
