11.12.08 21:22:50.343	k4qcgv45vsscwwj1fdovrtie	================================================================================
11.12.08 21:22:50.328	k4qcgv45vsscwwj1fdovrtie	================================================================================
11.12.08 21:22:51.109	k4qcgv45vsscwwj1fdovrtie	System Environment
	OS Version: Microsoft Windows NT 5.1.2600 Service Pack 3
	.Net Framework Versions: v1.1.4322, v2.0.50727

	CLR Version: 2.0.50727.3053
	eXpressApp Version: 8.3.2.5087
Application config
	FullNameFormat=LastName FirstName MiddleName
	Modules=
	ErrorReportEmail=
	ErrorReportEmailServer=
	SimpleErrorReportPage=
	RichErrorReportPage=Error.aspx
	EnableDiagnosticActions=False
11.12.08 21:22:51.093	k4qcgv45vsscwwj1fdovrtie	Trace Log for d66b88ba-5-128734753593750000 is started
11.12.08 21:22:51.109	k4qcgv45vsscwwj1fdovrtie	================================================================================
11.12.08 21:22:51.109	k4qcgv45vsscwwj1fdovrtie	System Environment
	OS Version: Microsoft Windows NT 5.1.2600 Service Pack 3
	.Net Framework Versions: v1.1.4322, v2.0.50727

	CLR Version: 2.0.50727.3053
	eXpressApp Version: 8.3.2.5087
Application config
	FullNameFormat=LastName FirstName MiddleName
	Modules=
	ErrorReportEmail=
	ErrorReportEmailServer=
	SimpleErrorReportPage=
	RichErrorReportPage=Error.aspx
	EnableDiagnosticActions=False
11.12.08 21:22:51.109	k4qcgv45vsscwwj1fdovrtie		session.Timeout: 20
11.12.08 21:22:51.109	k4qcgv45vsscwwj1fdovrtie	Application is disposed
11.12.08 21:22:51.109	k4qcgv45vsscwwj1fdovrtie		SessionID: k4qcgv45vsscwwj1fdovrtie
11.12.08 21:22:51.109	k4qcgv45vsscwwj1fdovrtie	--------------------------------------------------------------------------------
11.12.08 21:22:51.109	k4qcgv45vsscwwj1fdovrtie	========================
11.12.08 21:22:51.109	k4qcgv45vsscwwj1fdovrtie	Initialize Modules Manager
11.12.08 21:22:51.187	k4qcgv45vsscwwj1fdovrtie	--------------------------------------------------------------------------------
11.12.08 21:22:51.187	k4qcgv45vsscwwj1fdovrtie	
11.12.08 21:22:51.187	k4qcgv45vsscwwj1fdovrtie	--------------------------------------------------------------------------------
Loaded assemblies
	A_45fbe166_327e_43ea_be9c_fbc14cbde00b, Version=0.0.0.0, Culture=neutral, PublicKeyToken=null, Location=InMemory Module
	AIR-ERP.Module, Version=1.0.3267.38469, Culture=neutral, PublicKeyToken=null, Location=
	AIR-ERP.Module.Web, Version=1.0.3267.38470, Culture=neutral, PublicKeyToken=null, Location=
	AIR-ERP.Web, Version=1.0.0.0, Culture=neutral, PublicKeyToken=null, Location=
	App_global.asax.gfbcqths, Version=0.0.0.0, Culture=neutral, PublicKeyToken=null, Location=
	App_Web_piigx7at, Version=0.0.0.0, Culture=neutral, PublicKeyToken=null, Location=
	CppCodeProvider, Version=8.0.0.0, Culture=neutral, PublicKeyToken=b03f5f7f11d50a3a, Location=
	DevExpress.Data.v8.3, Version=8.3.2.0, Culture=neutral, PublicKeyToken=b88d1754d700e49a, Location=
	DevExpress.ExpressApp.Images.v8.3, Version=8.3.2.5087, Culture=neutral, PublicKeyToken=b88d1754d700e49a, Location=
	DevExpress.ExpressApp.Objects.v8.3, Version=8.3.2.5087, Culture=neutral, PublicKeyToken=b88d1754d700e49a, Location=
	DevExpress.ExpressApp.Scheduler.v8.3, Version=8.3.2.5087, Culture=neutral, PublicKeyToken=b88d1754d700e49a, Location=
	DevExpress.ExpressApp.Scheduler.Web.v8.3, Version=8.3.2.5087, Culture=neutral, PublicKeyToken=b88d1754d700e49a, Location=
	DevExpress.ExpressApp.Security.v8.3, Version=8.3.2.5087, Culture=neutral, PublicKeyToken=b88d1754d700e49a, Location=
	DevExpress.ExpressApp.v8.3, Version=8.3.2.5087, Culture=neutral, PublicKeyToken=b88d1754d700e49a, Location=
	DevExpress.ExpressApp.Validation.v8.3, Version=8.3.2.5087, Culture=neutral, PublicKeyToken=b88d1754d700e49a, Location=
	DevExpress.ExpressApp.Web.v8.3, Version=8.3.2.5087, Culture=neutral, PublicKeyToken=b88d1754d700e49a, Location=
	DevExpress.Persistent.Base.v8.3, Version=8.3.2.5087, Culture=neutral, PublicKeyToken=b88d1754d700e49a, Location=
	DevExpress.Persistent.BaseImpl.v8.3, Version=8.3.2.5087, Culture=neutral, PublicKeyToken=b88d1754d700e49a, Location=
	DevExpress.Utils.v8.3, Version=8.3.2.0, Culture=neutral, PublicKeyToken=b88d1754d700e49a, Location=
	DevExpress.Web.ASPxEditors.v8.3, Version=8.3.2.0, Culture=neutral, PublicKeyToken=b88d1754d700e49a, Location=
	DevExpress.Web.ASPxGridView.v8.3, Version=8.3.2.0, Culture=neutral, PublicKeyToken=b88d1754d700e49a, Location=
	DevExpress.Web.ASPxHtmlEditor.v8.3, Version=8.3.2.0, Culture=neutral, PublicKeyToken=b88d1754d700e49a, Location=
	DevExpress.Web.ASPxPivotGrid.v8.3, Version=8.3.2.0, Culture=neutral, PublicKeyToken=b88d1754d700e49a, Location=
	DevExpress.Web.ASPxScheduler.v8.3, Version=8.3.2.0, Culture=neutral, PublicKeyToken=b88d1754d700e49a, Location=
	DevExpress.Web.ASPxSpellChecker.v8.3, Version=8.3.2.0, Culture=neutral, PublicKeyToken=b88d1754d700e49a, Location=
	DevExpress.Web.ASPxTreeList.v8.3, Version=8.3.2.0, Culture=neutral, PublicKeyToken=b88d1754d700e49a, Location=
	DevExpress.Web.v8.3, Version=8.3.2.0, Culture=neutral, PublicKeyToken=b88d1754d700e49a, Location=
	DevExpress.Xpo.v8.3, Version=8.3.2.0, Culture=neutral, PublicKeyToken=b88d1754d700e49a, Location=
	DevExpress.XtraPivotGrid.v8.3.Core, Version=8.3.2.0, Culture=neutral, PublicKeyToken=b88d1754d700e49a, Location=
	DevExpress.XtraReports.v8.3, Version=8.3.2.0, Culture=neutral, PublicKeyToken=b88d1754d700e49a, Location=
	DevExpress.XtraReports.v8.3.Web, Version=8.3.2.0, Culture=neutral, PublicKeyToken=b88d1754d700e49a, Location=
	DevExpress.XtraScheduler.v8.3.Core, Version=8.3.2.0, Culture=neutral, PublicKeyToken=b88d1754d700e49a, Location=
	Microsoft.JScript, Version=8.0.0.0, Culture=neutral, PublicKeyToken=b03f5f7f11d50a3a, Location=
	Microsoft.Vsa, Version=8.0.0.0, Culture=neutral, PublicKeyToken=b03f5f7f11d50a3a, Location=
	mscorlib, Version=2.0.0.0, Culture=neutral, PublicKeyToken=b77a5c561934e089, Location=
	SMDiagnostics, Version=3.0.0.0, Culture=neutral, PublicKeyToken=b77a5c561934e089, Location=
	System, Version=2.0.0.0, Culture=neutral, PublicKeyToken=b77a5c561934e089, Location=
	System.Configuration, Version=2.0.0.0, Culture=neutral, PublicKeyToken=b03f5f7f11d50a3a, Location=
	System.Data, Version=2.0.0.0, Culture=neutral, PublicKeyToken=b77a5c561934e089, Location=
	System.Design, Version=2.0.0.0, Culture=neutral, PublicKeyToken=b03f5f7f11d50a3a, Location=
	System.Drawing, Version=2.0.0.0, Culture=neutral, PublicKeyToken=b03f5f7f11d50a3a, Location=
	System.Drawing.Design, Version=2.0.0.0, Culture=neutral, PublicKeyToken=b03f5f7f11d50a3a, Location=
	System.EnterpriseServices, Version=2.0.0.0, Culture=neutral, PublicKeyToken=b03f5f7f11d50a3a, Location=
	System.IdentityModel, Version=3.0.0.0, Culture=neutral, PublicKeyToken=b77a5c561934e089, Location=
	System.Runtime.Remoting, Version=2.0.0.0, Culture=neutral, PublicKeyToken=b77a5c561934e089, Location=
	System.Runtime.Serialization, Version=3.0.0.0, Culture=neutral, PublicKeyToken=b77a5c561934e089, Location=
	System.Runtime.Serialization.Formatters.Soap, Version=2.0.0.0, Culture=neutral, PublicKeyToken=b03f5f7f11d50a3a, Location=
	System.ServiceModel, Version=3.0.0.0, Culture=neutral, PublicKeyToken=b77a5c561934e089, Location=
	System.ServiceModel.Web, Version=3.5.0.0, Culture=neutral, PublicKeyToken=31bf3856ad364e35, Location=
	System.ServiceProcess, Version=2.0.0.0, Culture=neutral, PublicKeyToken=b03f5f7f11d50a3a, Location=
	System.Transactions, Version=2.0.0.0, Culture=neutral, PublicKeyToken=b77a5c561934e089, Location=
	System.Web, Version=2.0.0.0, Culture=neutral, PublicKeyToken=b03f5f7f11d50a3a, Location=
	System.Web.Mobile, Version=2.0.0.0, Culture=neutral, PublicKeyToken=b03f5f7f11d50a3a, Location=
	System.Web.RegularExpressions, Version=2.0.0.0, Culture=neutral, PublicKeyToken=b03f5f7f11d50a3a, Location=
	System.Web.Services, Version=2.0.0.0, Culture=neutral, PublicKeyToken=b03f5f7f11d50a3a, Location=
	System.Windows.Forms, Version=2.0.0.0, Culture=neutral, PublicKeyToken=b77a5c561934e089, Location=
	System.WorkflowServices, Version=3.5.0.0, Culture=neutral, PublicKeyToken=31bf3856ad364e35, Location=
	System.Xml, Version=2.0.0.0, Culture=neutral, PublicKeyToken=b77a5c561934e089, Location=
	VJSharpCodeProvider, Version=2.0.0.0, Culture=neutral, PublicKeyToken=b03f5f7f11d50a3a, Location=
	WebDev.WebHost, Version=9.0.0.0, Culture=neutral, PublicKeyToken=b03f5f7f11d50a3a, Location=
	XafDomain, Version=0.0.0.0, Culture=neutral, PublicKeyToken=null, Location=InMemory Module
	XafDomain, Version=0.0.0.0, Culture=neutral, PublicKeyToken=null, Location=InMemory Module
11.12.08 21:22:51.218	k4qcgv45vsscwwj1fdovrtie	--------------------------------------------------------------------------------
11.12.08 21:22:51.218	k4qcgv45vsscwwj1fdovrtie	Load Model
11.12.08 21:22:51.218	k4qcgv45vsscwwj1fdovrtie	Load Schema
11.12.08 21:22:51.218	k4qcgv45vsscwwj1fdovrtie	SetupModules
11.12.08 21:22:51.640	k4qcgv45vsscwwj1fdovrtie	Customize XPDictionary
11.12.08 21:22:51.640	k4qcgv45vsscwwj1fdovrtie	Load object model
11.12.08 21:22:51.859	k4qcgv45vsscwwj1fdovrtie	Generate default Model for Actions
11.12.08 21:22:51.875	k4qcgv45vsscwwj1fdovrtie	Generate default image sources
11.12.08 21:22:51.875	k4qcgv45vsscwwj1fdovrtie	Generate default Model for Property editors
11.12.08 21:22:51.890	k4qcgv45vsscwwj1fdovrtie	Generate default Model for Views
11.12.08 21:22:52.781	k4qcgv45vsscwwj1fdovrtie	Load DictionaryDifferenceStores' dictionaries
11.12.08 21:22:52.781	k4qcgv45vsscwwj1fdovrtie	Collect aspects
11.12.08 21:22:52.812	k4qcgv45vsscwwj1fdovrtie	Update model
11.12.08 21:22:53.265	k4qcgv45vsscwwj1fdovrtie	Generate default Model for Action containers
11.12.08 21:22:53.265	k4qcgv45vsscwwj1fdovrtie	Process localized attribute values
11.12.08 21:22:53.359	k4qcgv45vsscwwj1fdovrtie	Load Model Diffs
11.12.08 21:22:53.484	k4qcgv45vsscwwj1fdovrtie	Validate Model
11.12.08 21:22:54.031	k4qcgv45vsscwwj1fdovrtie	--------------------------------------------------------------------------------
11.12.08 21:22:54.031	k4qcgv45vsscwwj1fdovrtie	->GetPopupWindowParams
11.12.08 21:22:54.031	k4qcgv45vsscwwj1fdovrtie		Type: DevExpress.ExpressApp.Actions.PopupWindowShowAction
11.12.08 21:22:54.031	k4qcgv45vsscwwj1fdovrtie		ID: dd44ab7a-cb52-4afc-b4bb-8879e75ff8fa
11.12.08 21:22:54.031	k4qcgv45vsscwwj1fdovrtie		Category: Unspecified
11.12.08 21:22:54.046	k4qcgv45vsscwwj1fdovrtie	--------------------------------------------------------------------------------
11.12.08 21:22:54.046	k4qcgv45vsscwwj1fdovrtie	Checking Compatibility
11.12.08 21:22:54.046	k4qcgv45vsscwwj1fdovrtie		ConnectionString: Provider=Microsoft.Jet.OLEDB.4.0;User ID=Admin;Data Source=|DataDirectory|\AIR_ERP.mdb;Mode=Share Deny None;
11.12.08 21:22:54.078	k4qcgv45vsscwwj1fdovrtie	Check App Name Compatibility
11.12.08 21:22:54.093	k4qcgv45vsscwwj1fdovrtie	Check stored module versions against the versions of the loaded modules
11.12.08 21:22:54.093	k4qcgv45vsscwwj1fdovrtie	module 'SystemModule' (DevExpress.ExpressApp.v8.3). Local version: 8.3.2.5087, Version on DB: 8.3.2.5087
11.12.08 21:22:54.093	k4qcgv45vsscwwj1fdovrtie	module 'SystemAspNetModule' (DevExpress.ExpressApp.Web.v8.3). Local version: 8.3.2.5087, Version on DB: 8.3.2.5087
11.12.08 21:22:54.093	k4qcgv45vsscwwj1fdovrtie	module 'BusinessClassLibraryCustomizationModule' (DevExpress.ExpressApp.Objects.v8.3). Local version: 8.3.2.5087, Version on DB: 8.3.2.5087
11.12.08 21:22:54.093	k4qcgv45vsscwwj1fdovrtie	module 'SecurityModule' (DevExpress.ExpressApp.Security.v8.3). Local version: 8.3.2.5087, Version on DB: 8.3.2.5087
11.12.08 21:22:54.093	k4qcgv45vsscwwj1fdovrtie	module 'AIR_ERPModule' (AIR-ERP.Module). Local version: 1.0.3267.38469, Version on DB: 1.0.3267.38229
11.12.08 21:22:54.093	k4qcgv45vsscwwj1fdovrtie	DatabaseIsOld
11.12.08 21:22:54.156	k4qcgv45vsscwwj1fdovrtie	--------------------------------------------------------------------------------
11.12.08 21:22:54.156	k4qcgv45vsscwwj1fdovrtie	UpdateDB
11.12.08 21:22:54.171	k4qcgv45vsscwwj1fdovrtie		ConnectionString: Provider=Microsoft.Jet.OLEDB.4.0;User ID=Admin;Data Source=|DataDirectory|\AIR_ERP.mdb;Mode=Share Deny None;
11.12.08 21:22:54.187	k4qcgv45vsscwwj1fdovrtie	Check App Name Compatibility
11.12.08 21:22:54.187	k4qcgv45vsscwwj1fdovrtie	Check stored module versions against the versions of the loaded modules
11.12.08 21:22:54.187	k4qcgv45vsscwwj1fdovrtie	module 'SystemModule' (DevExpress.ExpressApp.v8.3). Local version: 8.3.2.5087, Version on DB: 8.3.2.5087
11.12.08 21:22:54.187	k4qcgv45vsscwwj1fdovrtie	module 'SystemAspNetModule' (DevExpress.ExpressApp.Web.v8.3). Local version: 8.3.2.5087, Version on DB: 8.3.2.5087
11.12.08 21:22:54.187	k4qcgv45vsscwwj1fdovrtie	module 'BusinessClassLibraryCustomizationModule' (DevExpress.ExpressApp.Objects.v8.3). Local version: 8.3.2.5087, Version on DB: 8.3.2.5087
11.12.08 21:22:54.187	k4qcgv45vsscwwj1fdovrtie	module 'SecurityModule' (DevExpress.ExpressApp.Security.v8.3). Local version: 8.3.2.5087, Version on DB: 8.3.2.5087
11.12.08 21:22:54.187	k4qcgv45vsscwwj1fdovrtie	module 'AIR_ERPModule' (AIR-ERP.Module). Local version: 1.0.3267.38469, Version on DB: 1.0.3267.38229
11.12.08 21:22:54.187	k4qcgv45vsscwwj1fdovrtie	DatabaseIsOld
11.12.08 21:22:54.750	k4qcgv45vsscwwj1fdovrtie	Module: SystemModule. Old version: 8.3.2.5087. New version: 8.3.2.5087
11.12.08 21:22:54.750	k4qcgv45vsscwwj1fdovrtie	Module: SystemAspNetModule. Old version: 8.3.2.5087. New version: 8.3.2.5087
11.12.08 21:22:54.750	k4qcgv45vsscwwj1fdovrtie	Module: BusinessClassLibraryCustomizationModule. Old version: 8.3.2.5087. New version: 8.3.2.5087
11.12.08 21:22:54.750	k4qcgv45vsscwwj1fdovrtie	Module: SecurityModule. Old version: 8.3.2.5087. New version: 8.3.2.5087
11.12.08 21:22:54.765	k4qcgv45vsscwwj1fdovrtie	Module: AIR_ERPModule. Old version: 1.0.3267.38229. New version: 1.0.3267.38469
11.12.08 21:22:54.765	k4qcgv45vsscwwj1fdovrtie	Module: AIR_ERPAspNetModule. Old version: 1.0.3267.38229. New version: 1.0.3267.38470
11.12.08 21:22:54.765	k4qcgv45vsscwwj1fdovrtie	Module: ValidationModule. Old version: 8.3.2.5087. New version: 8.3.2.5087
11.12.08 21:22:54.859	k4qcgv45vsscwwj1fdovrtie	Check App Name Compatibility
11.12.08 21:22:54.859	k4qcgv45vsscwwj1fdovrtie	Check stored module versions against the versions of the loaded modules
11.12.08 21:22:54.859	k4qcgv45vsscwwj1fdovrtie	module 'SystemModule' (DevExpress.ExpressApp.v8.3). Local version: 8.3.2.5087, Version on DB: 8.3.2.5087
11.12.08 21:22:54.859	k4qcgv45vsscwwj1fdovrtie	module 'SystemAspNetModule' (DevExpress.ExpressApp.Web.v8.3). Local version: 8.3.2.5087, Version on DB: 8.3.2.5087
11.12.08 21:22:54.859	k4qcgv45vsscwwj1fdovrtie	module 'BusinessClassLibraryCustomizationModule' (DevExpress.ExpressApp.Objects.v8.3). Local version: 8.3.2.5087, Version on DB: 8.3.2.5087
11.12.08 21:22:54.859	k4qcgv45vsscwwj1fdovrtie	module 'SecurityModule' (DevExpress.ExpressApp.Security.v8.3). Local version: 8.3.2.5087, Version on DB: 8.3.2.5087
11.12.08 21:22:54.875	k4qcgv45vsscwwj1fdovrtie	module 'AIR_ERPModule' (AIR-ERP.Module). Local version: 1.0.3267.38469, Version on DB: 1.0.3267.38469
11.12.08 21:22:54.875	k4qcgv45vsscwwj1fdovrtie	module 'AIR_ERPAspNetModule' (AIR-ERP.Module.Web). Local version: 1.0.3267.38470, Version on DB: 1.0.3267.38470
11.12.08 21:22:54.875	k4qcgv45vsscwwj1fdovrtie	module 'ValidationModule' (DevExpress.ExpressApp.Validation.v8.3). Local version: 8.3.2.5087, Version on DB: 8.3.2.5087
11.12.08 21:22:55.000	k4qcgv45vsscwwj1fdovrtie	--------------------------------------------------------------------------------
11.12.08 21:22:55.015	k4qcgv45vsscwwj1fdovrtie	<- GetPopupWindowParams
11.12.08 21:22:57.953	k4qcgv45vsscwwj1fdovrtie		GC.GetTotalMemory(false) (Mb): 17
11.12.08 21:22:57.953	k4qcgv45vsscwwj1fdovrtie		TotalApplications: 2
11.12.08 21:22:57.953	k4qcgv45vsscwwj1fdovrtie		DisposedApplications: 1
11.12.08 21:22:57.953	k4qcgv45vsscwwj1fdovrtie		FinalizedApplications: 1
11.12.08 21:22:57.953	k4qcgv45vsscwwj1fdovrtie		Details: 
SessionID	CreatedOn	LastAccessOn	DisposedOn	FinalizedOn
UserName	k4qcgv45vsscwwj1fdovrtie	12/11/2008 9:22:45 PM	1/1/0001 12:00:00 AM	12/11/2008 9:22:50 PM	12/11/2008 9:22:51 PM
N/A
k4qcgv45vsscwwj1fdovrtie	12/11/2008 9:22:50 PM	12/11/2008 9:22:57 PM	1/1/0001 12:00:00 AM	1/1/0001 12:00:00 AM
N/A

11.12.08 21:22:58.000	k4qcgv45vsscwwj1fdovrtie	--------------------------------------------------------------------------------
11.12.08 21:22:58.000	k4qcgv45vsscwwj1fdovrtie	ImageLoader: Image not found by name in the following sources:
11.12.08 21:22:58.000	k4qcgv45vsscwwj1fdovrtie		ImageName: _Large
11.12.08 21:22:58.000	k4qcgv45vsscwwj1fdovrtie		Sources: FileImageSource, Images
AssemblyResourceImageSource, DevExpress.ExpressApp.v8.3, Images
AssemblyResourceImageSource, DevExpress.ExpressApp.Web.v8.3, Images
AssemblyResourceImageSource, DevExpress.ExpressApp.Objects.v8.3, Images
AssemblyResourceImageSource, DevExpress.ExpressApp.Security.v8.3, Images
AssemblyResourceImageSource, AIR-ERP.Module, Images
AssemblyResourceImageSource, AIR-ERP.Module.Web, Images
AssemblyResourceImageSource, DevExpress.ExpressApp.Validation.v8.3, Images
AssemblyResourceImageSource, DevExpress.ExpressApp.Images.v8.3, Images

11.12.08 21:23:15.390	k4qcgv45vsscwwj1fdovrtie	'Company' property editor: new value is 'Roadmax Marketing Inc.'
11.12.08 21:23:19.000	k4qcgv45vsscwwj1fdovrtie	'Employee' property editor: new value is 'Admin'
11.12.08 21:23:21.328	k4qcgv45vsscwwj1fdovrtie	--------------------------------------------------------------------------------
11.12.08 21:23:21.359	k4qcgv45vsscwwj1fdovrtie	Execute action
11.12.08 21:23:21.359	k4qcgv45vsscwwj1fdovrtie		Type: DevExpress.ExpressApp.Actions.SimpleAction
11.12.08 21:23:21.359	k4qcgv45vsscwwj1fdovrtie		ID: Logon
11.12.08 21:23:21.359	k4qcgv45vsscwwj1fdovrtie		Category: PopupActions
11.12.08 21:23:21.375	k4qcgv45vsscwwj1fdovrtie		ContextName: Please Login
11.12.08 21:23:21.375	k4qcgv45vsscwwj1fdovrtie		IsRoot: True
11.12.08 21:23:21.375	k4qcgv45vsscwwj1fdovrtie		Selection.Count: 1
11.12.08 21:23:21.375	k4qcgv45vsscwwj1fdovrtie		CurrentObject: AIR_ERP.Module.MyLogonParameters
11.12.08 21:23:21.375	k4qcgv45vsscwwj1fdovrtie	--------------------------------------------------------------------------------
11.12.08 21:23:21.375	k4qcgv45vsscwwj1fdovrtie	Execute action
11.12.08 21:23:21.375	k4qcgv45vsscwwj1fdovrtie		Type: DevExpress.ExpressApp.Actions.PopupWindowShowAction
11.12.08 21:23:21.375	k4qcgv45vsscwwj1fdovrtie		ID: dd44ab7a-cb52-4afc-b4bb-8879e75ff8fa
11.12.08 21:23:21.375	k4qcgv45vsscwwj1fdovrtie		Category: Unspecified
11.12.08 21:23:21.375	k4qcgv45vsscwwj1fdovrtie	--------------------------------------------------------------------------------
11.12.08 21:23:21.375	k4qcgv45vsscwwj1fdovrtie	Start logon process
11.12.08 21:23:21.390	k4qcgv45vsscwwj1fdovrtie	--------------------------------------------------------------------------------
11.12.08 21:23:21.390	k4qcgv45vsscwwj1fdovrtie	Logon successful
11.12.08 21:23:21.406	k4qcgv45vsscwwj1fdovrtie	The FormsAuthentication timeout is less than the ASP.NET Session timeout: '0' and '20'. The the ASP.NET Session timeout is used for FormsAuthentication.
11.12.08 21:23:21.406	k4qcgv45vsscwwj1fdovrtie		CurrentUserName: Admin
11.12.08 21:23:21.406	k4qcgv45vsscwwj1fdovrtie	--------------------------------------------------------------------------------
11.12.08 21:23:21.406	k4qcgv45vsscwwj1fdovrtie	Logon completed
11.12.08 21:23:21.421	k4qcgv45vsscwwj1fdovrtie	Action 'dd44ab7a-cb52-4afc-b4bb-8879e75ff8fa' done
11.12.08 21:23:21.421	k4qcgv45vsscwwj1fdovrtie	Action 'Logon' done
11.12.08 21:23:21.703	k4qcgv45vsscwwj1fdovrtie	--------------------------------------------------------------------------------
11.12.08 21:23:21.703	k4qcgv45vsscwwj1fdovrtie	Initialize 'ShowNavigationItem' action items
11.12.08 21:23:21.750	k4qcgv45vsscwwj1fdovrtie	--------------------------------------------------------------------------------
11.12.08 21:23:21.750	k4qcgv45vsscwwj1fdovrtie	Execute action
11.12.08 21:23:21.750	k4qcgv45vsscwwj1fdovrtie		Type: DevExpress.ExpressApp.Actions.SingleChoiceAction
11.12.08 21:23:21.750	k4qcgv45vsscwwj1fdovrtie		ID: ShowNavigationItem
11.12.08 21:23:21.750	k4qcgv45vsscwwj1fdovrtie		Category: ViewsNavigation
11.12.08 21:23:21.750	k4qcgv45vsscwwj1fdovrtie		SelectedItem: SOHeader
11.12.08 21:23:21.796	k4qcgv45vsscwwj1fdovrtie	Action 'ShowNavigationItem' done
11.12.08 21:23:21.937	k4qcgv45vsscwwj1fdovrtie	--------------------------------------------------------------------------------
11.12.08 21:23:21.937	k4qcgv45vsscwwj1fdovrtie	Execute action
11.12.08 21:23:21.937	k4qcgv45vsscwwj1fdovrtie		Type: DevExpress.ExpressApp.Actions.SingleChoiceAction
11.12.08 21:23:21.953	k4qcgv45vsscwwj1fdovrtie		ID: ShowNavigationItem
11.12.08 21:23:21.953	k4qcgv45vsscwwj1fdovrtie		Category: ViewsNavigation
11.12.08 21:23:21.953	k4qcgv45vsscwwj1fdovrtie		ContextName: SOHeader
11.12.08 21:23:21.953	k4qcgv45vsscwwj1fdovrtie		IsRoot: True
11.12.08 21:23:21.953	k4qcgv45vsscwwj1fdovrtie		Selection.Count: 0
11.12.08 21:23:21.953	k4qcgv45vsscwwj1fdovrtie		CurrentObject: <not specified>
11.12.08 21:23:21.953	k4qcgv45vsscwwj1fdovrtie		SelectedItem: SOHeader
11.12.08 21:23:22.000	k4qcgv45vsscwwj1fdovrtie	Action 'ShowNavigationItem' done
11.12.08 21:23:22.093	k4qcgv45vsscwwj1fdovrtie	--------------------------------------------------------------------------------
11.12.08 21:23:22.093	k4qcgv45vsscwwj1fdovrtie	ImageLoader: Image not found by name in the following sources:
11.12.08 21:23:22.093	k4qcgv45vsscwwj1fdovrtie		ImageName: MenuBar_Unlink_Large
11.12.08 21:23:22.093	k4qcgv45vsscwwj1fdovrtie		Sources: FileImageSource, Images
AssemblyResourceImageSource, DevExpress.ExpressApp.v8.3, Images
AssemblyResourceImageSource, DevExpress.ExpressApp.Web.v8.3, Images
AssemblyResourceImageSource, DevExpress.ExpressApp.Objects.v8.3, Images
AssemblyResourceImageSource, DevExpress.ExpressApp.Security.v8.3, Images
AssemblyResourceImageSource, AIR-ERP.Module, Images
AssemblyResourceImageSource, AIR-ERP.Module.Web, Images
AssemblyResourceImageSource, DevExpress.ExpressApp.Validation.v8.3, Images
AssemblyResourceImageSource, DevExpress.ExpressApp.Images.v8.3, Images

11.12.08 21:23:22.140	k4qcgv45vsscwwj1fdovrtie	--------------------------------------------------------------------------------
11.12.08 21:23:22.140	k4qcgv45vsscwwj1fdovrtie	ImageLoader: Image not found by name in the following sources:
11.12.08 21:23:22.140	k4qcgv45vsscwwj1fdovrtie		ImageName: Logoff_Large
11.12.08 21:23:22.140	k4qcgv45vsscwwj1fdovrtie		Sources: FileImageSource, Images
AssemblyResourceImageSource, DevExpress.ExpressApp.v8.3, Images
AssemblyResourceImageSource, DevExpress.ExpressApp.Web.v8.3, Images
AssemblyResourceImageSource, DevExpress.ExpressApp.Objects.v8.3, Images
AssemblyResourceImageSource, DevExpress.ExpressApp.Security.v8.3, Images
AssemblyResourceImageSource, AIR-ERP.Module, Images
AssemblyResourceImageSource, AIR-ERP.Module.Web, Images
AssemblyResourceImageSource, DevExpress.ExpressApp.Validation.v8.3, Images
AssemblyResourceImageSource, DevExpress.ExpressApp.Images.v8.3, Images

11.12.08 21:23:27.953	k4qcgv45vsscwwj1fdovrtie	--------------------------------------------------------------------------------
11.12.08 21:23:27.968	k4qcgv45vsscwwj1fdovrtie	Execute action
11.12.08 21:23:27.968	k4qcgv45vsscwwj1fdovrtie		Type: DevExpress.ExpressApp.Actions.SingleChoiceAction
11.12.08 21:23:27.968	k4qcgv45vsscwwj1fdovrtie		ID: ShowNavigationItem
11.12.08 21:23:27.968	k4qcgv45vsscwwj1fdovrtie		Category: ViewsNavigation
11.12.08 21:23:27.968	k4qcgv45vsscwwj1fdovrtie		ContextName: SOHeader
11.12.08 21:23:27.968	k4qcgv45vsscwwj1fdovrtie		IsRoot: True
11.12.08 21:23:27.968	k4qcgv45vsscwwj1fdovrtie		Selection.Count: 0
11.12.08 21:23:27.968	k4qcgv45vsscwwj1fdovrtie		CurrentObject: <not specified>
11.12.08 21:23:27.968	k4qcgv45vsscwwj1fdovrtie		SelectedItem: Employee
11.12.08 21:23:28.062	k4qcgv45vsscwwj1fdovrtie	Action 'ShowNavigationItem' done
11.12.08 21:23:31.031	k4qcgv45vsscwwj1fdovrtie	--------------------------------------------------------------------------------
11.12.08 21:23:31.046	k4qcgv45vsscwwj1fdovrtie	Execute action
11.12.08 21:23:31.046	k4qcgv45vsscwwj1fdovrtie		Type: DevExpress.ExpressApp.Actions.SimpleAction
11.12.08 21:23:31.046	k4qcgv45vsscwwj1fdovrtie		ID: Edit
11.12.08 21:23:31.046	k4qcgv45vsscwwj1fdovrtie		Category: RecordEdit
11.12.08 21:23:31.046	k4qcgv45vsscwwj1fdovrtie		ContextName: Employee
11.12.08 21:23:31.046	k4qcgv45vsscwwj1fdovrtie		IsRoot: True
11.12.08 21:23:31.046	k4qcgv45vsscwwj1fdovrtie		Selection.Count: 1
11.12.08 21:23:31.046	k4qcgv45vsscwwj1fdovrtie		CurrentObject: test t user
11.12.08 21:23:31.203	k4qcgv45vsscwwj1fdovrtie	Action 'Edit' done
11.12.08 21:23:42.718	k4qcgv45vsscwwj1fdovrtie	'MiddleName' property editor: new value is ''
11.12.08 21:23:42.734	k4qcgv45vsscwwj1fdovrtie	--------------------------------------------------------------------------------
11.12.08 21:23:42.734	k4qcgv45vsscwwj1fdovrtie	Execute action
11.12.08 21:23:42.734	k4qcgv45vsscwwj1fdovrtie		Type: DevExpress.ExpressApp.Actions.SimpleAction
11.12.08 21:23:42.734	k4qcgv45vsscwwj1fdovrtie		ID: Save
11.12.08 21:23:42.734	k4qcgv45vsscwwj1fdovrtie		Category: RecordEdit
11.12.08 21:23:42.734	k4qcgv45vsscwwj1fdovrtie		ContextName: Employee
11.12.08 21:23:42.734	k4qcgv45vsscwwj1fdovrtie		IsRoot: True
11.12.08 21:23:42.734	k4qcgv45vsscwwj1fdovrtie		Selection.Count: 1
11.12.08 21:23:42.734	k4qcgv45vsscwwj1fdovrtie		CurrentObject: test user
11.12.08 21:23:42.781	k4qcgv45vsscwwj1fdovrtie	Action 'Save' done
11.12.08 21:23:54.515	k4qcgv45vsscwwj1fdovrtie	--------------------------------------------------------------------------------
11.12.08 21:23:54.515	k4qcgv45vsscwwj1fdovrtie	Execute action
11.12.08 21:23:54.515	k4qcgv45vsscwwj1fdovrtie		Type: DevExpress.ExpressApp.Actions.SimpleAction
11.12.08 21:23:54.515	k4qcgv45vsscwwj1fdovrtie		ID: SaveAndClose
11.12.08 21:23:54.515	k4qcgv45vsscwwj1fdovrtie		Category: RecordEdit
11.12.08 21:23:54.515	k4qcgv45vsscwwj1fdovrtie		ContextName: Employee
11.12.08 21:23:54.515	k4qcgv45vsscwwj1fdovrtie		IsRoot: True
11.12.08 21:23:54.515	k4qcgv45vsscwwj1fdovrtie		Selection.Count: 1
11.12.08 21:23:54.515	k4qcgv45vsscwwj1fdovrtie		CurrentObject: test user
11.12.08 21:23:54.625	k4qcgv45vsscwwj1fdovrtie	Action 'SaveAndClose' done
11.12.08 21:23:57.281	k4qcgv45vsscwwj1fdovrtie	--------------------------------------------------------------------------------
11.12.08 21:23:57.296	k4qcgv45vsscwwj1fdovrtie	Execute action
11.12.08 21:23:57.296	k4qcgv45vsscwwj1fdovrtie		Type: DevExpress.ExpressApp.Actions.SimpleAction
11.12.08 21:23:57.296	k4qcgv45vsscwwj1fdovrtie		ID: ListViewShowObject
11.12.08 21:23:57.296	k4qcgv45vsscwwj1fdovrtie		Category: ListView
11.12.08 21:23:57.296	k4qcgv45vsscwwj1fdovrtie		ContextName: Employee
11.12.08 21:23:57.296	k4qcgv45vsscwwj1fdovrtie		IsRoot: True
11.12.08 21:23:57.296	k4qcgv45vsscwwj1fdovrtie		Selection.Count: 1
11.12.08 21:23:57.296	k4qcgv45vsscwwj1fdovrtie		CurrentObject: test user
11.12.08 21:23:57.328	k4qcgv45vsscwwj1fdovrtie	Cannot create appropriate property editor for the 'AIR_ERP.Module.Employee.Permissions' property. Attempt to create default property editor
11.12.08 21:23:57.437	k4qcgv45vsscwwj1fdovrtie	Action 'ListViewShowObject' done
11.12.08 21:24:26.812	k4qcgv45vsscwwj1fdovrtie	--------------------------------------------------------------------------------
11.12.08 21:24:26.812	k4qcgv45vsscwwj1fdovrtie	Execute action
11.12.08 21:24:26.812	k4qcgv45vsscwwj1fdovrtie		Type: DevExpress.ExpressApp.Actions.SingleChoiceAction
11.12.08 21:24:26.812	k4qcgv45vsscwwj1fdovrtie		ID: ShowNavigationItem
11.12.08 21:24:26.812	k4qcgv45vsscwwj1fdovrtie		Category: ViewsNavigation
11.12.08 21:24:26.812	k4qcgv45vsscwwj1fdovrtie		ContextName: Employee
11.12.08 21:24:26.812	k4qcgv45vsscwwj1fdovrtie		IsRoot: True
11.12.08 21:24:26.828	k4qcgv45vsscwwj1fdovrtie		Selection.Count: 1
11.12.08 21:24:26.828	k4qcgv45vsscwwj1fdovrtie		CurrentObject: test user
11.12.08 21:24:26.828	k4qcgv45vsscwwj1fdovrtie		SelectedItem: Role
11.12.08 21:24:26.906	k4qcgv45vsscwwj1fdovrtie	Action 'ShowNavigationItem' done
11.12.08 21:24:30.687	k4qcgv45vsscwwj1fdovrtie		GC.GetTotalMemory(false) (Mb): 32
11.12.08 21:24:30.750	k4qcgv45vsscwwj1fdovrtie		TotalApplications: 2
11.12.08 21:24:30.750	k4qcgv45vsscwwj1fdovrtie		DisposedApplications: 1
11.12.08 21:24:30.750	k4qcgv45vsscwwj1fdovrtie		FinalizedApplications: 1
11.12.08 21:24:30.750	k4qcgv45vsscwwj1fdovrtie		Details: 
SessionID	CreatedOn	LastAccessOn	DisposedOn	FinalizedOn
UserName	k4qcgv45vsscwwj1fdovrtie	12/11/2008 9:22:45 PM	1/1/0001 12:00:00 AM	12/11/2008 9:22:50 PM	12/11/2008 9:22:51 PM
N/A
k4qcgv45vsscwwj1fdovrtie	12/11/2008 9:22:50 PM	12/11/2008 9:24:30 PM	1/1/0001 12:00:00 AM	1/1/0001 12:00:00 AM
Admin

11.12.08 21:24:30.875	k4qcgv45vsscwwj1fdovrtie	--------------------------------------------------------------------------------
11.12.08 21:24:30.875	k4qcgv45vsscwwj1fdovrtie	Execute action
11.12.08 21:24:30.875	k4qcgv45vsscwwj1fdovrtie		Type: DevExpress.ExpressApp.Actions.SimpleAction
11.12.08 21:24:30.875	k4qcgv45vsscwwj1fdovrtie		ID: Edit
11.12.08 21:24:30.875	k4qcgv45vsscwwj1fdovrtie		Category: RecordEdit
11.12.08 21:24:30.890	k4qcgv45vsscwwj1fdovrtie		ContextName: Role
11.12.08 21:24:30.890	k4qcgv45vsscwwj1fdovrtie		IsRoot: True
11.12.08 21:24:30.890	k4qcgv45vsscwwj1fdovrtie		Selection.Count: 1
11.12.08 21:24:30.906	k4qcgv45vsscwwj1fdovrtie		CurrentObject: DevExpress.Persistent.BaseImpl.Role(907e302c-94db-4704-9f19-25d5e7a94648)
11.12.08 21:24:30.968	k4qcgv45vsscwwj1fdovrtie	Action 'Edit' done
11.12.08 21:24:35.234	k4qcgv45vsscwwj1fdovrtie	--------------------------------------------------------------------------------
11.12.08 21:24:35.234	k4qcgv45vsscwwj1fdovrtie	Execute action
11.12.08 21:24:35.234	k4qcgv45vsscwwj1fdovrtie		Type: DevExpress.ExpressApp.Actions.SimpleAction
11.12.08 21:24:35.250	k4qcgv45vsscwwj1fdovrtie		ID: Cancel
11.12.08 21:24:35.250	k4qcgv45vsscwwj1fdovrtie		Category: RecordEdit
11.12.08 21:24:35.250	k4qcgv45vsscwwj1fdovrtie		ContextName: Role
11.12.08 21:24:35.250	k4qcgv45vsscwwj1fdovrtie		IsRoot: True
11.12.08 21:24:35.250	k4qcgv45vsscwwj1fdovrtie		Selection.Count: 1
11.12.08 21:24:35.250	k4qcgv45vsscwwj1fdovrtie		CurrentObject: DevExpress.Persistent.BaseImpl.Role(907e302c-94db-4704-9f19-25d5e7a94648)
11.12.08 21:24:35.390	k4qcgv45vsscwwj1fdovrtie	Action 'Cancel' done
11.12.08 21:24:37.984	k4qcgv45vsscwwj1fdovrtie	--------------------------------------------------------------------------------
11.12.08 21:24:37.984	k4qcgv45vsscwwj1fdovrtie	Execute action
11.12.08 21:24:37.984	k4qcgv45vsscwwj1fdovrtie		Type: DevExpress.ExpressApp.Actions.SimpleAction
11.12.08 21:24:37.984	k4qcgv45vsscwwj1fdovrtie		ID: ListViewShowObject
11.12.08 21:24:37.984	k4qcgv45vsscwwj1fdovrtie		Category: ListView
11.12.08 21:24:37.984	k4qcgv45vsscwwj1fdovrtie		ContextName: Role
11.12.08 21:24:38.000	k4qcgv45vsscwwj1fdovrtie		IsRoot: True
11.12.08 21:24:38.000	k4qcgv45vsscwwj1fdovrtie		Selection.Count: 1
11.12.08 21:24:38.000	k4qcgv45vsscwwj1fdovrtie		CurrentObject: DevExpress.Persistent.BaseImpl.Role(907e302c-94db-4704-9f19-25d5e7a94648)
11.12.08 21:24:38.046	k4qcgv45vsscwwj1fdovrtie	Action 'ListViewShowObject' done
11.12.08 21:24:49.437	k4qcgv45vsscwwj1fdovrtie	--------------------------------------------------------------------------------
11.12.08 21:24:49.437	k4qcgv45vsscwwj1fdovrtie	Execute action
11.12.08 21:24:49.437	k4qcgv45vsscwwj1fdovrtie		Type: DevExpress.ExpressApp.Actions.SingleChoiceAction
11.12.08 21:24:49.437	k4qcgv45vsscwwj1fdovrtie		ID: NavigateTo
11.12.08 21:24:49.437	k4qcgv45vsscwwj1fdovrtie		Category: ViewsHistoryNavigation
11.12.08 21:24:49.437	k4qcgv45vsscwwj1fdovrtie		ContextName: Role
11.12.08 21:24:49.437	k4qcgv45vsscwwj1fdovrtie		IsRoot: True
11.12.08 21:24:49.453	k4qcgv45vsscwwj1fdovrtie		Selection.Count: 1
11.12.08 21:24:49.453	k4qcgv45vsscwwj1fdovrtie		CurrentObject: DevExpress.Persistent.BaseImpl.Role(907e302c-94db-4704-9f19-25d5e7a94648)
11.12.08 21:24:49.453	k4qcgv45vsscwwj1fdovrtie		SelectedItem: Role
11.12.08 21:24:49.515	k4qcgv45vsscwwj1fdovrtie	Action 'NavigateTo' done
11.12.08 21:24:51.703	k4qcgv45vsscwwj1fdovrtie	--------------------------------------------------------------------------------
11.12.08 21:24:51.984	k4qcgv45vsscwwj1fdovrtie	Execute action
11.12.08 21:24:51.984	k4qcgv45vsscwwj1fdovrtie		Type: DevExpress.ExpressApp.Actions.SimpleAction
11.12.08 21:24:51.984	k4qcgv45vsscwwj1fdovrtie		ID: ListViewShowObject
11.12.08 21:24:51.984	k4qcgv45vsscwwj1fdovrtie		Category: ListView
11.12.08 21:24:51.984	k4qcgv45vsscwwj1fdovrtie		ContextName: Role
11.12.08 21:24:51.984	k4qcgv45vsscwwj1fdovrtie		IsRoot: True
11.12.08 21:24:51.984	k4qcgv45vsscwwj1fdovrtie		Selection.Count: 1
11.12.08 21:24:51.984	k4qcgv45vsscwwj1fdovrtie		CurrentObject: DevExpress.Persistent.BaseImpl.Role(dcbd953e-3138-4578-ae1e-6a1d01747c44)
11.12.08 21:24:52.078	k4qcgv45vsscwwj1fdovrtie	Action 'ListViewShowObject' done
11.12.08 21:28:05.546	k4qcgv45vsscwwj1fdovrtie	--------------------------------------------------------------------------------
11.12.08 21:28:05.546	k4qcgv45vsscwwj1fdovrtie	Execute action
11.12.08 21:28:05.546	k4qcgv45vsscwwj1fdovrtie		Type: DevExpress.ExpressApp.Actions.SimpleAction
11.12.08 21:28:05.546	k4qcgv45vsscwwj1fdovrtie		ID: Delete
11.12.08 21:28:05.546	k4qcgv45vsscwwj1fdovrtie		Category: RecordEdit
11.12.08 21:28:05.546	k4qcgv45vsscwwj1fdovrtie		ContextName: Permissions
11.12.08 21:28:05.546	k4qcgv45vsscwwj1fdovrtie		IsRoot: False
11.12.08 21:28:05.546	k4qcgv45vsscwwj1fdovrtie		Selection.Count: 1
11.12.08 21:28:05.546	k4qcgv45vsscwwj1fdovrtie		CurrentObject: DevExpress.ExpressApp.Security.EditModelPermission
11.12.08 21:28:05.640	k4qcgv45vsscwwj1fdovrtie	Action 'Delete' done
11.12.08 21:28:10.593	k4qcgv45vsscwwj1fdovrtie	--------------------------------------------------------------------------------
11.12.08 21:28:10.593	k4qcgv45vsscwwj1fdovrtie	Execute action
11.12.08 21:28:10.593	k4qcgv45vsscwwj1fdovrtie		Type: DevExpress.ExpressApp.Actions.SingleChoiceAction
11.12.08 21:28:10.593	k4qcgv45vsscwwj1fdovrtie		ID: New
11.12.08 21:28:10.593	k4qcgv45vsscwwj1fdovrtie		Category: ObjectsCreation
11.12.08 21:28:10.593	k4qcgv45vsscwwj1fdovrtie		ContextName: Permissions
11.12.08 21:28:10.593	k4qcgv45vsscwwj1fdovrtie		IsRoot: False
11.12.08 21:28:10.593	k4qcgv45vsscwwj1fdovrtie		Selection.Count: 0
11.12.08 21:28:10.593	k4qcgv45vsscwwj1fdovrtie		CurrentObject: <not specified>
11.12.08 21:28:10.593	k4qcgv45vsscwwj1fdovrtie		SelectedItem: Object Access Permission
11.12.08 21:28:10.671	k4qcgv45vsscwwj1fdovrtie	Action 'New' done
11.12.08 21:28:10.906	k4qcgv45vsscwwj1fdovrtie	--------------------------------------------------------------------------------
11.12.08 21:28:10.906	k4qcgv45vsscwwj1fdovrtie	ImageLoader: Image not found by name in the following sources:
11.12.08 21:28:10.906	k4qcgv45vsscwwj1fdovrtie		ImageName: DevExpress.ExpressApp.Security.ObjectAccessModifier\None
11.12.08 21:28:10.906	k4qcgv45vsscwwj1fdovrtie		Sources: FileImageSource, Images
AssemblyResourceImageSource, DevExpress.ExpressApp.v8.3, Images
AssemblyResourceImageSource, DevExpress.ExpressApp.Web.v8.3, Images
AssemblyResourceImageSource, DevExpress.ExpressApp.Objects.v8.3, Images
AssemblyResourceImageSource, DevExpress.ExpressApp.Security.v8.3, Images
AssemblyResourceImageSource, AIR-ERP.Module, Images
AssemblyResourceImageSource, AIR-ERP.Module.Web, Images
AssemblyResourceImageSource, DevExpress.ExpressApp.Validation.v8.3, Images
AssemblyResourceImageSource, DevExpress.ExpressApp.Images.v8.3, Images

11.12.08 21:28:10.906	k4qcgv45vsscwwj1fdovrtie	--------------------------------------------------------------------------------
11.12.08 21:28:10.906	k4qcgv45vsscwwj1fdovrtie	ImageLoader: Image not found by name in the following sources:
11.12.08 21:28:10.906	k4qcgv45vsscwwj1fdovrtie		ImageName: DevExpress.ExpressApp.Security.ObjectAccessModifier\Allow
11.12.08 21:28:10.906	k4qcgv45vsscwwj1fdovrtie		Sources: FileImageSource, Images
AssemblyResourceImageSource, DevExpress.ExpressApp.v8.3, Images
AssemblyResourceImageSource, DevExpress.ExpressApp.Web.v8.3, Images
AssemblyResourceImageSource, DevExpress.ExpressApp.Objects.v8.3, Images
AssemblyResourceImageSource, DevExpress.ExpressApp.Security.v8.3, Images
AssemblyResourceImageSource, AIR-ERP.Module, Images
AssemblyResourceImageSource, AIR-ERP.Module.Web, Images
AssemblyResourceImageSource, DevExpress.ExpressApp.Validation.v8.3, Images
AssemblyResourceImageSource, DevExpress.ExpressApp.Images.v8.3, Images

11.12.08 21:28:10.906	k4qcgv45vsscwwj1fdovrtie	--------------------------------------------------------------------------------
11.12.08 21:28:10.906	k4qcgv45vsscwwj1fdovrtie	ImageLoader: Image not found by name in the following sources:
11.12.08 21:28:10.906	k4qcgv45vsscwwj1fdovrtie		ImageName: DevExpress.ExpressApp.Security.ObjectAccessModifier\Deny
11.12.08 21:28:10.906	k4qcgv45vsscwwj1fdovrtie		Sources: FileImageSource, Images
AssemblyResourceImageSource, DevExpress.ExpressApp.v8.3, Images
AssemblyResourceImageSource, DevExpress.ExpressApp.Web.v8.3, Images
AssemblyResourceImageSource, DevExpress.ExpressApp.Objects.v8.3, Images
AssemblyResourceImageSource, DevExpress.ExpressApp.Security.v8.3, Images
AssemblyResourceImageSource, AIR-ERP.Module, Images
AssemblyResourceImageSource, AIR-ERP.Module.Web, Images
AssemblyResourceImageSource, DevExpress.ExpressApp.Validation.v8.3, Images
AssemblyResourceImageSource, DevExpress.ExpressApp.Images.v8.3, Images

11.12.08 21:28:58.421	k4qcgv45vsscwwj1fdovrtie	'ReadAccess' property editor: new value is 'Allow'
11.12.08 21:28:58.421	k4qcgv45vsscwwj1fdovrtie	'CreateAccess' property editor: new value is 'Allow'
11.12.08 21:28:58.421	k4qcgv45vsscwwj1fdovrtie	'ObjectType' property editor: new value is 'AIR_ERP.Module.SOHeader'
11.12.08 21:28:58.421	k4qcgv45vsscwwj1fdovrtie	'NavigateAccess' property editor: new value is 'Allow'
11.12.08 21:28:58.421	k4qcgv45vsscwwj1fdovrtie	'DeleteAccess' property editor: new value is 'Deny'
11.12.08 21:28:58.421	k4qcgv45vsscwwj1fdovrtie	'WriteAccess' property editor: new value is 'Allow'
11.12.08 21:28:58.437	k4qcgv45vsscwwj1fdovrtie	--------------------------------------------------------------------------------
11.12.08 21:28:58.437	k4qcgv45vsscwwj1fdovrtie	Execute action
11.12.08 21:28:58.437	k4qcgv45vsscwwj1fdovrtie		Type: DevExpress.ExpressApp.Actions.SimpleAction
11.12.08 21:28:58.437	k4qcgv45vsscwwj1fdovrtie		ID: SaveAndClose
11.12.08 21:28:58.437	k4qcgv45vsscwwj1fdovrtie		Category: RecordEdit
11.12.08 21:28:58.437	k4qcgv45vsscwwj1fdovrtie		ContextName: Persistent Permission
11.12.08 21:28:58.437	k4qcgv45vsscwwj1fdovrtie		IsRoot: True
11.12.08 21:28:58.437	k4qcgv45vsscwwj1fdovrtie		Selection.Count: 1
11.12.08 21:28:58.437	k4qcgv45vsscwwj1fdovrtie		CurrentObject: SOHeader: Create(Allow) Delete(Deny) Read(Allow) Write(Allow) Navigate(Allow); 
11.12.08 21:28:58.546	k4qcgv45vsscwwj1fdovrtie	Action 'SaveAndClose' done
11.12.08 21:29:09.078	k4qcgv45vsscwwj1fdovrtie		GC.GetTotalMemory(false) (Mb): 43
11.12.08 21:29:09.078	k4qcgv45vsscwwj1fdovrtie		TotalApplications: 2
11.12.08 21:29:09.125	k4qcgv45vsscwwj1fdovrtie		DisposedApplications: 1
11.12.08 21:29:09.125	k4qcgv45vsscwwj1fdovrtie		FinalizedApplications: 1
11.12.08 21:29:09.125	k4qcgv45vsscwwj1fdovrtie		Details: 
SessionID	CreatedOn	LastAccessOn	DisposedOn	FinalizedOn
UserName	k4qcgv45vsscwwj1fdovrtie	12/11/2008 9:22:45 PM	1/1/0001 12:00:00 AM	12/11/2008 9:22:50 PM	12/11/2008 9:22:51 PM
N/A
k4qcgv45vsscwwj1fdovrtie	12/11/2008 9:22:50 PM	12/11/2008 9:29:09 PM	1/1/0001 12:00:00 AM	1/1/0001 12:00:00 AM
Admin

11.12.08 21:29:15.187	k4qcgv45vsscwwj1fdovrtie	--------------------------------------------------------------------------------
11.12.08 21:29:15.187	k4qcgv45vsscwwj1fdovrtie	Execute action
11.12.08 21:29:15.187	k4qcgv45vsscwwj1fdovrtie		Type: DevExpress.ExpressApp.Actions.SingleChoiceAction
11.12.08 21:29:15.187	k4qcgv45vsscwwj1fdovrtie		ID: ShowNavigationItem
11.12.08 21:29:15.187	k4qcgv45vsscwwj1fdovrtie		Category: ViewsNavigation
11.12.08 21:29:15.187	k4qcgv45vsscwwj1fdovrtie		ContextName: Role
11.12.08 21:29:15.187	k4qcgv45vsscwwj1fdovrtie		IsRoot: True
11.12.08 21:29:15.187	k4qcgv45vsscwwj1fdovrtie		Selection.Count: 1
11.12.08 21:29:15.187	k4qcgv45vsscwwj1fdovrtie		CurrentObject: DevExpress.Persistent.BaseImpl.Role(dcbd953e-3138-4578-ae1e-6a1d01747c44)
11.12.08 21:29:15.187	k4qcgv45vsscwwj1fdovrtie		SelectedItem: Employee
11.12.08 21:29:15.265	k4qcgv45vsscwwj1fdovrtie	Action 'ShowNavigationItem' done
11.12.08 21:29:18.421	k4qcgv45vsscwwj1fdovrtie	--------------------------------------------------------------------------------
11.12.08 21:29:18.421	k4qcgv45vsscwwj1fdovrtie	Execute action
11.12.08 21:29:18.421	k4qcgv45vsscwwj1fdovrtie		Type: DevExpress.ExpressApp.Actions.SimpleAction
11.12.08 21:29:18.421	k4qcgv45vsscwwj1fdovrtie		ID: ListViewShowObject
11.12.08 21:29:18.421	k4qcgv45vsscwwj1fdovrtie		Category: ListView
11.12.08 21:29:18.421	k4qcgv45vsscwwj1fdovrtie		ContextName: Employee
11.12.08 21:29:18.421	k4qcgv45vsscwwj1fdovrtie		IsRoot: True
11.12.08 21:29:18.421	k4qcgv45vsscwwj1fdovrtie		Selection.Count: 1
11.12.08 21:29:18.421	k4qcgv45vsscwwj1fdovrtie		CurrentObject: test user
11.12.08 21:29:18.546	k4qcgv45vsscwwj1fdovrtie	Cannot create appropriate property editor for the 'AIR_ERP.Module.Employee.Permissions' property. Attempt to create default property editor
11.12.08 21:29:18.640	k4qcgv45vsscwwj1fdovrtie	Action 'ListViewShowObject' done
11.12.08 21:29:35.734	k4qcgv45vsscwwj1fdovrtie	--------------------------------------------------------------------------------
11.12.08 21:29:35.734	k4qcgv45vsscwwj1fdovrtie	Execute action
11.12.08 21:29:35.734	k4qcgv45vsscwwj1fdovrtie		Type: DevExpress.ExpressApp.Actions.SimpleAction
11.12.08 21:29:35.734	k4qcgv45vsscwwj1fdovrtie		ID: Logoff
11.12.08 21:29:35.734	k4qcgv45vsscwwj1fdovrtie		Category: Security
11.12.08 21:29:35.734	k4qcgv45vsscwwj1fdovrtie		ContextName: Employee
11.12.08 21:29:35.734	k4qcgv45vsscwwj1fdovrtie		IsRoot: True
11.12.08 21:29:35.734	k4qcgv45vsscwwj1fdovrtie		Selection.Count: 1
11.12.08 21:29:35.750	k4qcgv45vsscwwj1fdovrtie		CurrentObject: test user
11.12.08 21:29:35.750	k4qcgv45vsscwwj1fdovrtie	Dispose application
11.12.08 21:29:35.750	k4qcgv45vsscwwj1fdovrtie	====================
11.12.08 21:29:35.750	no context	================================================================================
The error occured
	Type:       NullReferenceException
	Message:    Object reference not set to an instance of an object.
	Data:       0 entries
	Stack trace:
   at DevExpress.ExpressApp.SecuritySystem.IsGranted(IPermission permission)
   at DevExpress.ExpressApp.DataManipulationRight.HasPermissionTo(Type objectType, ObjectAccess objectAccessType, SecurityContextList contexts)
   at DevExpress.ExpressApp.DataManipulationRight.HasPermissionTo(Type objectType, ObjectAccess objectAccessType, String memberName, Object targetObject, CollectionSourceBase collectionSource)
   at DevExpress.ExpressApp.DataManipulationRight.CanEdit(Type objectType, String memberName, Object targetObject, CollectionSourceBase collectionSource)
   at DevExpress.ExpressApp.SystemModule.DetailViewController.UpdateActionState()
   at DevExpress.ExpressApp.Web.SystemModule.WebDetailViewController.UpdateActionState()
   at DevExpress.ExpressApp.SystemModule.DetailViewController.NewObjectAction_Changed(Object sender, ActionChangedEventArgs e)
   at DevExpress.ExpressApp.Actions.ActionBase.OnChanged(ActionChangedEventArgs args)
   at DevExpress.ExpressApp.Actions.ActionBase.RaiseChanged(ActionChangedType propertyType)
   at DevExpress.ExpressApp.Actions.ActionBase.activeList_ResultValueChanged(Object sender, BoolValueChangedEventArgs e)
   at DevExpress.ExpressApp.Utils.BoolList.OnResultValueChanged(Boolean oldResultValue, Boolean resultValue)
   at DevExpress.ExpressApp.Utils.BoolList.EndUpdate()
   at DevExpress.ExpressApp.Utils.BoolList.set_Item(String key, Boolean value)
   at DevExpress.ExpressApp.Utils.BoolList.SetItemValue(String key, Boolean value)
   at DevExpress.ExpressApp.Controller.UpdateActionActivity(ActionBase action)
   at DevExpress.ExpressApp.ViewController.UpdateActionActivity(ActionBase action)
   at DevExpress.ExpressApp.Controller.UpdateActionsActivity()
   at DevExpress.ExpressApp.Controller.activeList_ResultValueChanged(Object sender, BoolValueChangedEventArgs e)
   at DevExpress.ExpressApp.Utils.BoolList.OnResultValueChanged(Boolean oldResultValue, Boolean resultValue)
   at DevExpress.ExpressApp.Utils.BoolList.EndUpdate()
   at DevExpress.ExpressApp.Utils.BoolList.set_Item(String key, Boolean value)
   at DevExpress.ExpressApp.Utils.BoolList.SetItemValue(String key, Boolean value)
   at DevExpress.ExpressApp.Frame.Dispose()
   at DevExpress.ExpressApp.Web.WebApplication.DisposeCore()
   at DevExpress.ExpressApp.XafApplication.Dispose(Boolean disposing)
   at System.ComponentModel.Component.Dispose()
   at DevExpress.ExpressApp.XafApplication.Dispose()
   at DevExpress.ExpressApp.Web.WebApplication.DisposeInstance(HttpSessionState session)
	InnerException is null

--------------------------------------------------------------------------------
Loaded assemblies
	A_45fbe166_327e_43ea_be9c_fbc14cbde00b, Version=0.0.0.0, Culture=neutral, PublicKeyToken=null, Location=InMemory Module
	AIR-ERP.Module, Version=1.0.3267.38469, Culture=neutral, PublicKeyToken=null, Location=
	AIR-ERP.Module.Web, Version=1.0.3267.38470, Culture=neutral, PublicKeyToken=null, Location=
	AIR-ERP.Web, Version=1.0.0.0, Culture=neutral, PublicKeyToken=null, Location=
	App_global.asax.gfbcqths, Version=0.0.0.0, Culture=neutral, PublicKeyToken=null, Location=
	App_Theme_Youthful.db1zxcpm, Version=0.0.0.0, Culture=neutral, PublicKeyToken=null, Location=
	App_Web_piigx7at, Version=0.0.0.0, Culture=neutral, PublicKeyToken=null, Location=
	CppCodeProvider, Version=8.0.0.0, Culture=neutral, PublicKeyToken=b03f5f7f11d50a3a, Location=
	DevExpress.Data.v8.3, Version=8.3.2.0, Culture=neutral, PublicKeyToken=b88d1754d700e49a, Location=
	DevExpress.ExpressApp.Images.v8.3, Version=8.3.2.5087, Culture=neutral, PublicKeyToken=b88d1754d700e49a, Location=
	DevExpress.ExpressApp.Objects.v8.3, Version=8.3.2.5087, Culture=neutral, PublicKeyToken=b88d1754d700e49a, Location=
	DevExpress.ExpressApp.Scheduler.v8.3, Version=8.3.2.5087, Culture=neutral, PublicKeyToken=b88d1754d700e49a, Location=
	DevExpress.ExpressApp.Scheduler.Web.v8.3, Version=8.3.2.5087, Culture=neutral, PublicKeyToken=b88d1754d700e49a, Location=
	DevExpress.ExpressApp.Security.v8.3, Version=8.3.2.5087, Culture=neutral, PublicKeyToken=b88d1754d700e49a, Location=
	DevExpress.ExpressApp.v8.3, Version=8.3.2.5087, Culture=neutral, PublicKeyToken=b88d1754d700e49a, Location=
	DevExpress.ExpressApp.Validation.v8.3, Version=8.3.2.5087, Culture=neutral, PublicKeyToken=b88d1754d700e49a, Location=
	DevExpress.ExpressApp.Web.v8.3, Version=8.3.2.5087, Culture=neutral, PublicKeyToken=b88d1754d700e49a, Location=
	DevExpress.Persistent.Base.v8.3, Version=8.3.2.5087, Culture=neutral, PublicKeyToken=b88d1754d700e49a, Location=
	DevExpress.Persistent.BaseImpl.v8.3, Version=8.3.2.5087, Culture=neutral, PublicKeyToken=b88d1754d700e49a, Location=
	DevExpress.Utils.v8.3, Version=8.3.2.0, Culture=neutral, PublicKeyToken=b88d1754d700e49a, Location=
	DevExpress.Web.ASPxEditors.v8.3, Version=8.3.2.0, Culture=neutral, PublicKeyToken=b88d1754d700e49a, Location=
	DevExpress.Web.ASPxGridView.v8.3, Version=8.3.2.0, Culture=neutral, PublicKeyToken=b88d1754d700e49a, Location=
	DevExpress.Web.ASPxHtmlEditor.v8.3, Version=8.3.2.0, Culture=neutral, PublicKeyToken=b88d1754d700e49a, Location=
	DevExpress.Web.ASPxPivotGrid.v8.3, Version=8.3.2.0, Culture=neutral, PublicKeyToken=b88d1754d700e49a, Location=
	DevExpress.Web.ASPxScheduler.v8.3, Version=8.3.2.0, Culture=neutral, PublicKeyToken=b88d1754d700e49a, Location=
	DevExpress.Web.ASPxSpellChecker.v8.3, Version=8.3.2.0, Culture=neutral, PublicKeyToken=b88d1754d700e49a, Location=
	DevExpress.Web.ASPxTreeList.v8.3, Version=8.3.2.0, Culture=neutral, PublicKeyToken=b88d1754d700e49a, Location=
	DevExpress.Web.v8.3, Version=8.3.2.0, Culture=neutral, PublicKeyToken=b88d1754d700e49a, Location=
	DevExpress.Xpo.v8.3, Version=8.3.2.0, Culture=neutral, PublicKeyToken=b88d1754d700e49a, Location=
	DevExpress.XtraPivotGrid.v8.3.Core, Version=8.3.2.0, Culture=neutral, PublicKeyToken=b88d1754d700e49a, Location=
	DevExpress.XtraReports.v8.3, Version=8.3.2.0, Culture=neutral, PublicKeyToken=b88d1754d700e49a, Location=
	DevExpress.XtraReports.v8.3.Web, Version=8.3.2.0, Culture=neutral, PublicKeyToken=b88d1754d700e49a, Location=
	DevExpress.XtraScheduler.v8.3.Core, Version=8.3.2.0, Culture=neutral, PublicKeyToken=b88d1754d700e49a, Location=
	Microsoft.JScript, Version=8.0.0.0, Culture=neutral, PublicKeyToken=b03f5f7f11d50a3a, Location=
	Microsoft.Vsa, Version=8.0.0.0, Culture=neutral, PublicKeyToken=b03f5f7f11d50a3a, Location=
	mscorlib, Version=2.0.0.0, Culture=neutral, PublicKeyToken=b77a5c561934e089, Location=
	SMDiagnostics, Version=3.0.0.0, Culture=neutral, PublicKeyToken=b77a5c561934e089, Location=
	System, Version=2.0.0.0, Culture=neutral, PublicKeyToken=b77a5c561934e089, Location=
	System.Configuration, Version=2.0.0.0, Culture=neutral, PublicKeyToken=b03f5f7f11d50a3a, Location=
	System.Data, Version=2.0.0.0, Culture=neutral, PublicKeyToken=b77a5c561934e089, Location=
	System.Design, Version=2.0.0.0, Culture=neutral, PublicKeyToken=b03f5f7f11d50a3a, Location=
	System.Drawing, Version=2.0.0.0, Culture=neutral, PublicKeyToken=b03f5f7f11d50a3a, Location=
	System.Drawing.Design, Version=2.0.0.0, Culture=neutral, PublicKeyToken=b03f5f7f11d50a3a, Location=
	System.EnterpriseServices, Version=2.0.0.0, Culture=neutral, PublicKeyToken=b03f5f7f11d50a3a, Location=
	System.IdentityModel, Version=3.0.0.0, Culture=neutral, PublicKeyToken=b77a5c561934e089, Location=
	System.Runtime.Remoting, Version=2.0.0.0, Culture=neutral, PublicKeyToken=b77a5c561934e089, Location=
	System.Runtime.Serialization, Version=3.0.0.0, Culture=neutral, PublicKeyToken=b77a5c561934e089, Location=
	System.Runtime.Serialization.Formatters.Soap, Version=2.0.0.0, Culture=neutral, PublicKeyToken=b03f5f7f11d50a3a, Location=
	System.ServiceModel, Version=3.0.0.0, Culture=neutral, PublicKeyToken=b77a5c561934e089, Location=
	System.ServiceModel.Web, Version=3.5.0.0, Culture=neutral, PublicKeyToken=31bf3856ad364e35, Location=
	System.ServiceProcess, Version=2.0.0.0, Culture=neutral, PublicKeyToken=b03f5f7f11d50a3a, Location=
	System.Transactions, Version=2.0.0.0, Culture=neutral, PublicKeyToken=b77a5c561934e089, Location=
	System.Web, Version=2.0.0.0, Culture=neutral, PublicKeyToken=b03f5f7f11d50a3a, Location=
	System.Web.Mobile, Version=2.0.0.0, Culture=neutral, PublicKeyToken=b03f5f7f11d50a3a, Location=
	System.Web.RegularExpressions, Version=2.0.0.0, Culture=neutral, PublicKeyToken=b03f5f7f11d50a3a, Location=
	System.Web.Services, Version=2.0.0.0, Culture=neutral, PublicKeyToken=b03f5f7f11d50a3a, Location=
	System.Windows.Forms, Version=2.0.0.0, Culture=neutral, PublicKeyToken=b77a5c561934e089, Location=
	System.WorkflowServices, Version=3.5.0.0, Culture=neutral, PublicKeyToken=31bf3856ad364e35, Location=
	System.Xml, Version=2.0.0.0, Culture=neutral, PublicKeyToken=b77a5c561934e089, Location=
	VJSharpCodeProvider, Version=2.0.0.0, Culture=neutral, PublicKeyToken=b03f5f7f11d50a3a, Location=
	WebDev.WebHost, Version=9.0.0.0, Culture=neutral, PublicKeyToken=b03f5f7f11d50a3a, Location=
	XafDomain, Version=0.0.0.0, Culture=neutral, PublicKeyToken=null, Location=InMemory Module
	XafDomain, Version=0.0.0.0, Culture=neutral, PublicKeyToken=null, Location=InMemory Module
================================================================================

